Start testing: Aug 14 15:55 EDT
----------------------------------------------------------
1/8 Testing: waterfallplot_test_c
1/8 Test: waterfallplot_test_c
Command: "/home/kali/tools/srsGUI/build/test/c/waterfallplot_test_c"
Directory: /home/kali/tools/srsGUI/build/test/c
"waterfallplot_test_c" start time: Aug 14 15:55 EDT
Output:
----------------------------------------------------------
MESA: error: ZINK: failed to choose pdev
glx: failed to create drisw screen
failed to load driver: zink
Qt has caught an exception thrown from an event handler. Throwing
exceptions from an event handler is not supported in Qt.
You must not let any exception whatsoever propagate through Qt code.
If that is not possible, in Qt 5 you must at least reimplement
QCoreApplication::notify() and catch all exceptions there.

<end of output>
Test time =   1.87 sec
----------------------------------------------------------
Test Passed.
"waterfallplot_test_c" end time: Aug 14 15:55 EDT
"waterfallplot_test_c" time elapsed: 00:00:01
----------------------------------------------------------

2/8 Testing: complexplot_test_c
2/8 Test: complexplot_test_c
Command: "/home/kali/tools/srsGUI/build/test/c/complexplot_test_c"
Directory: /home/kali/tools/srsGUI/build/test/c
"complexplot_test_c" start time: Aug 14 15:55 EDT
Output:
----------------------------------------------------------
MESA: error: ZINK: failed to choose pdev
glx: failed to create drisw screen
failed to load driver: zink
Qt has caught an exception thrown from an event handler. Throwing
exceptions from an event handler is not supported in Qt.
You must not let any exception whatsoever propagate through Qt code.
If that is not possible, in Qt 5 you must at least reimplement
QCoreApplication::notify() and catch all exceptions there.

<end of output>
Test time =   1.39 sec
----------------------------------------------------------
Test Passed.
"complexplot_test_c" end time: Aug 14 15:55 EDT
"complexplot_test_c" time elapsed: 00:00:01
----------------------------------------------------------

3/8 Testing: realplot_test_c
3/8 Test: realplot_test_c
Command: "/home/kali/tools/srsGUI/build/test/c/realplot_test_c"
Directory: /home/kali/tools/srsGUI/build/test/c
"realplot_test_c" start time: Aug 14 15:55 EDT
Output:
----------------------------------------------------------
MESA: error: ZINK: failed to choose pdev
glx: failed to create drisw screen
failed to load driver: zink
Qt has caught an exception thrown from an event handler. Throwing
exceptions from an event handler is not supported in Qt.
You must not let any exception whatsoever propagate through Qt code.
If that is not possible, in Qt 5 you must at least reimplement
QCoreApplication::notify() and catch all exceptions there.

<end of output>
Test time =   1.40 sec
----------------------------------------------------------
Test Passed.
"realplot_test_c" end time: Aug 14 15:55 EDT
"realplot_test_c" time elapsed: 00:00:01
----------------------------------------------------------

4/8 Testing: scatterplot_test_c
4/8 Test: scatterplot_test_c
Command: "/home/kali/tools/srsGUI/build/test/c/scatterplot_test_c"
Directory: /home/kali/tools/srsGUI/build/test/c
"scatterplot_test_c" start time: Aug 14 15:55 EDT
Output:
----------------------------------------------------------
MESA: error: ZINK: failed to choose pdev
glx: failed to create drisw screen
failed to load driver: zink
Qt has caught an exception thrown from an event handler. Throwing
exceptions from an event handler is not supported in Qt.
You must not let any exception whatsoever propagate through Qt code.
If that is not possible, in Qt 5 you must at least reimplement
QCoreApplication::notify() and catch all exceptions there.

<end of output>
Test time =   1.44 sec
----------------------------------------------------------
Test Passed.
"scatterplot_test_c" end time: Aug 14 15:55 EDT
"scatterplot_test_c" time elapsed: 00:00:01
----------------------------------------------------------

5/8 Testing: waterfallplot_test
5/8 Test: waterfallplot_test
Command: "/home/kali/tools/srsGUI/build/test/cxx/waterfallplot_test"
Directory: /home/kali/tools/srsGUI/build/test/cxx
"waterfallplot_test" start time: Aug 14 15:55 EDT
Output:
----------------------------------------------------------
MESA: error: ZINK: failed to choose pdev
glx: failed to create drisw screen
failed to load driver: zink
Running 1 test case...

[1;32;49m*** No errors detected
[0;39;49m
<end of output>
Test time =   3.97 sec
----------------------------------------------------------
Test Passed.
"waterfallplot_test" end time: Aug 14 15:55 EDT
"waterfallplot_test" time elapsed: 00:00:03
----------------------------------------------------------

6/8 Testing: complexplot_test
6/8 Test: complexplot_test
Command: "/home/kali/tools/srsGUI/build/test/cxx/complexplot_test"
Directory: /home/kali/tools/srsGUI/build/test/cxx
"complexplot_test" start time: Aug 14 15:55 EDT
Output:
----------------------------------------------------------
MESA: error: ZINK: failed to choose pdev
glx: failed to create drisw screen
failed to load driver: zink
Qt has caught an exception thrown from an event handler. Throwing
exceptions from an event handler is not supported in Qt.
You must not let any exception whatsoever propagate through Qt code.
If that is not possible, in Qt 5 you must at least reimplement
QCoreApplication::notify() and catch all exceptions there.

Running 1 test case...

[1;32;49m*** No errors detected
[0;39;49m
<end of output>
Test time =   1.56 sec
----------------------------------------------------------
Test Passed.
"complexplot_test" end time: Aug 14 15:55 EDT
"complexplot_test" time elapsed: 00:00:01
----------------------------------------------------------

7/8 Testing: realplot_test
7/8 Test: realplot_test
Command: "/home/kali/tools/srsGUI/build/test/cxx/realplot_test"
Directory: /home/kali/tools/srsGUI/build/test/cxx
"realplot_test" start time: Aug 14 15:55 EDT
Output:
----------------------------------------------------------
MESA: error: ZINK: failed to choose pdev
glx: failed to create drisw screen
failed to load driver: zink
Running 1 test case...

[1;32;49m*** No errors detected
[0;39;49m
<end of output>
Test time =   1.32 sec
----------------------------------------------------------
Test Passed.
"realplot_test" end time: Aug 14 15:55 EDT
"realplot_test" time elapsed: 00:00:01
----------------------------------------------------------

8/8 Testing: scatterplot_test
8/8 Test: scatterplot_test
Command: "/home/kali/tools/srsGUI/build/test/cxx/scatterplot_test"
Directory: /home/kali/tools/srsGUI/build/test/cxx
"scatterplot_test" start time: Aug 14 15:55 EDT
Output:
----------------------------------------------------------
MESA: error: ZINK: failed to choose pdev
glx: failed to create drisw screen
failed to load driver: zink
Running 1 test case...

[1;32;49m*** No errors detected
[0;39;49m
<end of output>
Test time =   1.30 sec
----------------------------------------------------------
Test Passed.
"scatterplot_test" end time: Aug 14 15:55 EDT
"scatterplot_test" time elapsed: 00:00:01
----------------------------------------------------------

End testing: Aug 14 15:55 EDT
